<?xml version="1.0" encoding="UTF-8" ?>
<testsuite tests="3" failures="0" name="TestSuite" time="62.133" errors="0" skipped="0">
  <properties>
    <property name="java.vendor" value="Oracle Corporation"/>
    <property name="JOB_NAME" value="April 14"/>
    <property name="sun.java.launcher" value="SUN_STANDARD"/>
    <property name="sun.management.compiler" value="HotSpot 64-Bit Tiered Compilers"/>
    <property name="JENKINS_HOME" value="/Users/skumaresan/.jenkins"/>
    <property name="PATH" value="/Library/Java/JavaVirtualMachines/jdk1.8.0_40.jdk/Contents/Home/bin:/usr/bin:/bin:/usr/sbin:/sbin"/>
    <property name="HUDSON_SERVER_COOKIE" value="f0c864047c50423e"/>
    <property name="POM_ARTIFACTID" value="SplunkTesting"/>
    <property name="os.name" value="Mac OS X"/>
    <property name="sun.boot.class.path" value="/Library/Java/JavaVirtualMachines/jdk1.8.0_40.jdk/Contents/Home/jre/lib/resources.jar:/Library/Java/JavaVirtualMachines/jdk1.8.0_40.jdk/Contents/Home/jre/lib/rt.jar:/Library/Java/JavaVirtualMachines/jdk1.8.0_40.jdk/Contents/Home/jre/lib/sunrsasign.jar:/Library/Java/JavaVirtualMachines/jdk1.8.0_40.jdk/Contents/Home/jre/lib/jsse.jar:/Library/Java/JavaVirtualMachines/jdk1.8.0_40.jdk/Contents/Home/jre/lib/jce.jar:/Library/Java/JavaVirtualMachines/jdk1.8.0_40.jdk/Contents/Home/jre/lib/charsets.jar:/Library/Java/JavaVirtualMachines/jdk1.8.0_40.jdk/Contents/Home/jre/lib/jfr.jar:/Library/Java/JavaVirtualMachines/jdk1.8.0_40.jdk/Contents/Home/jre/classes"/>
    <property name="EXECUTOR_NUMBER" value="0"/>
    <property name="java.vm.specification.vendor" value="Oracle Corporation"/>
    <property name="POM_DISPLAYNAME" value="SplunkTesting"/>
    <property name="NODE_LABELS" value="master"/>
    <property name="java.runtime.version" value="1.8.0_40-b25"/>
    <property name="user.name" value="skumaresan"/>
    <property name="__CHECKFIX1436934" value="1"/>
    <property name="JAVA_MAIN_CLASS_22352" value="Main"/>
    <property name="guice.disable.misplaced.annotation.check" value="true"/>
    <property name="user.language" value="en"/>
    <property name="COMMAND_MODE" value="unix2003"/>
    <property name="BUILD_DISPLAY_NAME" value="#14"/>
    <property name="TMPDIR" value="/var/folders/mz/r_zd4s652_jd2l_cbb5tvy3wlz1bxm/T/"/>
    <property name="sun.boot.library.path" value="/Library/Java/JavaVirtualMachines/jdk1.8.0_40.jdk/Contents/Home/jre/lib"/>
    <property name="java.version" value="1.8.0_40"/>
    <property name="user.timezone" value="America/Los_Angeles"/>
    <property name="sun.arch.data.model" value="64"/>
    <property name="NODE_NAME" value="master"/>
    <property name="java.endorsed.dirs" value="/Library/Java/JavaVirtualMachines/jdk1.8.0_40.jdk/Contents/Home/jre/lib/endorsed"/>
    <property name="BUILD_ID" value="14"/>
    <property name="sun.cpu.isalist" value=""/>
    <property name="sun.jnu.encoding" value="UTF-8"/>
    <property name="file.encoding.pkg" value="sun.io"/>
    <property name="SHELL" value="/bin/bash"/>
    <property name="file.separator" value="/"/>
    <property name="java.specification.name" value="Java Platform API Specification"/>
    <property name="java.class.version" value="52.0"/>
    <property name="org.slf4j.simpleLogger.defaultLogLevel" value="info"/>
    <property name="user.country" value="US"/>
    <property name="java.home" value="/Library/Java/JavaVirtualMachines/jdk1.8.0_40.jdk/Contents/Home/jre"/>
    <property name="java.vm.info" value="mixed mode"/>
    <property name="os.version" value="10.9.5"/>
    <property name="POM_VERSION" value="0.0.1-SNAPSHOT"/>
    <property name="sun.font.fontmanager" value="sun.font.CFontManager"/>
    <property name="path.separator" value=":"/>
    <property name="java.vm.version" value="25.40-b25"/>
    <property name="NO_EM_RESTART" value=""/>
    <property name="java.awt.printerjob" value="sun.lwawt.macosx.CPrinterJob"/>
    <property name="JAVA_HOME" value="/Library/Java/JavaVirtualMachines/jdk1.8.0_40.jdk/Contents/Home"/>
    <property name="sun.io.unicode.encoding" value="UnicodeBig"/>
    <property name="MOZ_CRASHREPORTER_RESTART_ARG_1" value=""/>
    <property name="MOZ_CRASHREPORTER_RESTART_ARG_0" value="/Applications/Firefox.app/Contents/MacOS/firefox"/>
    <property name="awt.toolkit" value="sun.lwawt.macosx.LWCToolkit"/>
    <property name="MOZ_CRASHREPORTER_STRINGS_OVERRIDE" value="/Applications/Firefox.app/Contents/MacOS/browser/crashreporter-override.ini"/>
    <property name="LOGNAME" value="skumaresan"/>
    <property name="POM_PACKAGING" value="jar"/>
    <property name="HOME" value="/Users/skumaresan"/>
    <property name="XRE_START_OFFLINE" value=""/>
    <property name="POM_GROUPID" value="com.splunk.cms"/>
    <property name="user.home" value="/Users/skumaresan"/>
    <property name="BUILD_TAG" value="jenkins-April 14-14"/>
    <property name="JENKINS_SERVER_COOKIE" value="f0c864047c50423e"/>
    <property name="HUDSON_URL" value="http://localhost:8080/"/>
    <property name="XRE_BINARY_PATH" value=""/>
    <property name="java.specification.vendor" value="Oracle Corporation"/>
    <property name="CLASSPATH" value=""/>
    <property name="java.library.path" value="/Users/skumaresan/Library/Java/Extensions:/Library/Java/Extensions:/Network/Library/Java/Extensions:/System/Library/Java/Extensions:/usr/lib/java:."/>
    <property name="java.vendor.url" value="http://java.oracle.com/"/>
    <property name="Apple_PubSub_Socket_Render" value="/tmp/launch-RIbBQh/Render"/>
    <property name="java.vm.vendor" value="Oracle Corporation"/>
    <property name="gopherProxySet" value="false"/>
    <property name="java.runtime.name" value="Java(TM) SE Runtime Environment"/>
    <property name="maven.home" value="/usr/local/apache_maven/apache-maven-3.2.5"/>
    <property name="java.class.path" value="/Users/skumaresan/.jenkins/plugins/maven-plugin/WEB-INF/lib/maven31-agent-1.5.jar:/usr/local/apache_maven/apache-maven-3.2.5/boot/plexus-classworlds-2.5.2.jar:/usr/local/apache_maven/apache-maven-3.2.5/conf/logging"/>
    <property name="sun.java.command" value="jenkins.maven3.agent.Maven31Main /usr/local/apache_maven/apache-maven-3.2.5 /Users/skumaresan/.jenkins/war/WEB-INF/lib/remoting-2.50.jar /Users/skumaresan/.jenkins/plugins/maven-plugin/WEB-INF/lib/maven31-interceptor-1.5.jar /Users/skumaresan/.jenkins/plugins/maven-plugin/WEB-INF/lib/maven3-interceptor-commons-1.5.jar 52334"/>
    <property name="java.vm.specification.name" value="Java Virtual Machine Specification"/>
    <property name="PATH+JDK" value="/Library/Java/JavaVirtualMachines/jdk1.8.0_40.jdk/Contents/Home/bin"/>
    <property name="java.vm.specification.version" value="1.8"/>
    <property name="sun.os.patch.level" value="unknown"/>
    <property name="sun.cpu.endian" value="little"/>
    <property name="M2_HOME" value="/usr/local/apache_maven/apache-maven-3.2.5"/>
    <property name="java.io.tmpdir" value="/var/folders/mz/r_zd4s652_jd2l_cbb5tvy3wlz1bxm/T/"/>
    <property name="HUDSON_HOME" value="/Users/skumaresan/.jenkins"/>
    <property name="PATH+MAVEN" value="/usr/local/apache_maven/apache-maven-3.2.5/bin"/>
    <property name="BUILD_URL" value="http://localhost:8080/job/April%2014/14/"/>
    <property name="java.vendor.url.bug" value="http://bugreport.sun.com/bugreport/"/>
    <property name="XUL_APP_FILE" value=""/>
    <property name="SSH_AUTH_SOCK" value="/tmp/launch-OVMrHc/Listeners"/>
    <property name="java.awt.graphicsenv" value="sun.awt.CGraphicsEnvironment"/>
    <property name="os.arch" value="x86_64"/>
    <property name="XRE_PROFILE_PATH" value=""/>
    <property name="java.ext.dirs" value="/Users/skumaresan/Library/Java/Extensions:/Library/Java/JavaVirtualMachines/jdk1.8.0_40.jdk/Contents/Home/jre/lib/ext:/Library/Java/Extensions:/Network/Library/Java/Extensions:/System/Library/Java/Extensions:/usr/lib/java"/>
    <property name="__CF_USER_TEXT_ENCODING" value="0x27F0AFB4:0:0"/>
    <property name="user.dir" value="/Users/skumaresan/Documents/workspace/SplunkTesting"/>
    <property name="JOB_URL" value="http://localhost:8080/job/April%2014/"/>
    <property name="MOZ_LAUNCHED_CHILD" value=""/>
    <property name="line.separator" value="
"/>
    <property name="MAVEN_HOME" value="/usr/local/apache_maven/apache-maven-3.2.5"/>
    <property name="java.vm.name" value="Java HotSpot(TM) 64-Bit Server VM"/>
    <property name="BUILD_NUMBER" value="14"/>
    <property name="MOZ_CRASHREPORTER_DATA_DIRECTORY" value="/Users/skumaresan/Library/Application Support/Firefox/Crash Reports"/>
    <property name="JENKINS_URL" value="http://localhost:8080/"/>
    <property name="XRE_PROFILE_NAME" value=""/>
    <property name="file.encoding" value="UTF-8"/>
    <property name="maven3.interceptor" value="/Users/skumaresan/.jenkins/plugins/maven-plugin/WEB-INF/lib/maven31-interceptor-1.5.jar"/>
    <property name="WORKSPACE" value="/Users/skumaresan/.jenkins/workspace/April 14"/>
    <property name="maven3.interceptor.common" value="/Users/skumaresan/.jenkins/plugins/maven-plugin/WEB-INF/lib/maven3-interceptor-commons-1.5.jar"/>
    <property name="java.specification.version" value="1.8"/>
    <property name="XRE_PROFILE_LOCAL_PATH" value=""/>
    <property name="USER" value="skumaresan"/>
  </properties>
  <testcase classname="com.splunk.pageTests.Download_ExistingUserTest" name="validateHunkDownloadFlow" time="22.621"/>
  <testcase classname="com.splunk.pageTests.Download_ExistingUserTest" name="validateSplunkDownloadFlow" time="19.322"/>
  <testcase classname="com.splunk.pageTests.Download_ExistingUserTest" name="validateUnivDownloadFlow" time="20.19"/>
</testsuite>