<?xml version="1.0" encoding="UTF-8"?>
<!-- Generated by org.testng.reporters.JUnitReportReporter -->
<testsuite hostname="skumaresan-mbp.sv.splunk.com" name="com.splunk.pageTests.Download_Hunk_Tests" tests="1" failures="0" timestamp="18 Mar 2015 22:13:12 GMT" time="32.931" errors="0">
  <testcase name="validateHunkDownloadFlow" time="32.931" classname="com.splunk.pageTests.Download_Hunk_Tests"/>
</testsuite> <!-- com.splunk.pageTests.Download_Hunk_Tests -->
