<?xml version="1.0" encoding="UTF-8"?>
<!-- Generated by org.testng.reporters.JUnitReportReporter -->
<testsuite hostname="skumaresan-mbp.sv.splunk.com" name="com.splunk.pageTests.Download_ExistingUserTest" tests="3" failures="0" timestamp="7 Apr 2015 22:38:51 GMT" time="67.248" errors="0">
  <testcase name="validateHunkDownloadFlow" time="24.528" classname="com.splunk.pageTests.Download_ExistingUserTest"/>
  <testcase name="validateUnivDownloadFlow" time="21.298" classname="com.splunk.pageTests.Download_ExistingUserTest"/>
  <testcase name="validateSplunkDownloadFlow" time="21.422" classname="com.splunk.pageTests.Download_ExistingUserTest"/>
</testsuite> <!-- com.splunk.pageTests.Download_ExistingUserTest -->
