<?xml version="1.0" encoding="UTF-8"?>
<!-- Generated by org.testng.reporters.JUnitReportReporter -->
<testsuite hostname="skumaresan-mbp.sv.splunk.com" name="com.splunk.pageTests.Download_ExistingUserTest" tests="3" failures="0" timestamp="16 Apr 2015 19:54:41 GMT" time="73.620" errors="0">
  <testcase name="validateHunkDownloadFlow" time="33.705" classname="com.splunk.pageTests.Download_ExistingUserTest"/>
  <testcase name="validateUnivDownloadFlow" time="19.831" classname="com.splunk.pageTests.Download_ExistingUserTest"/>
  <testcase name="validateSplunkDownloadFlow" time="20.084" classname="com.splunk.pageTests.Download_ExistingUserTest"/>
</testsuite> <!-- com.splunk.pageTests.Download_ExistingUserTest -->
