<?xml version="1.0" encoding="UTF-8"?>
<!-- Generated by org.testng.reporters.JUnitReportReporter -->
<testsuite hostname="skumaresan-mbp" name="splunk.com.Tester" tests="1" failures="0" timestamp="7 Mar 2015 23:08:06 GMT" time="7.370" errors="0">
  <testcase name="tester" time="7.370" classname="splunk.com.Tester"/>
</testsuite> <!-- splunk.com.Tester -->
