<?xml version="1.0" encoding="UTF-8"?>
<!-- Generated by org.testng.reporters.JUnitReportReporter -->
<testsuite hostname="skumaresan-mbp" name="com.splunk.pageTests.Download_Splunk_EnterpriseTests" tests="1" failures="0" timestamp="20 Mar 2015 17:41:30 GMT" time="30.439" errors="0">
  <testcase name="validateSplunkDownloadFlow" time="30.439" classname="com.splunk.pageTests.Download_Splunk_EnterpriseTests"/>
</testsuite> <!-- com.splunk.pageTests.Download_Splunk_EnterpriseTests -->
