<?xml version="1.0" encoding="UTF-8"?>
<!-- Generated by org.testng.reporters.JUnitReportReporter -->
<testsuite hostname="skumaresan-mbp.sv.splunk.com" name="com.splunk.pageTests.Download_HunkTests" tests="1" failures="0" timestamp="25 Mar 2015 20:46:40 GMT" time="19.159" errors="0">
  <testcase name="validateHunkDownloadFlow" time="19.159" classname="com.splunk.pageTests.Download_HunkTests"/>
</testsuite> <!-- com.splunk.pageTests.Download_HunkTests -->
