<?xml version="1.0" encoding="UTF-8"?>
<!-- Generated by org.testng.reporters.JUnitReportReporter -->
<testsuite hostname="skumaresan-mbp.sv.splunk.com" name="com.splunk.pageTests.Download_ExistingUserTest" tests="3" failures="0" timestamp="16 Apr 2015 20:15:44 GMT" time="62.201" errors="0">
  <testcase name="validateHunkDownloadFlow" time="22.644" classname="com.splunk.pageTests.Download_ExistingUserTest"/>
  <testcase name="validateSplunkDownloadFlow" time="19.346" classname="com.splunk.pageTests.Download_ExistingUserTest"/>
  <testcase name="validateUnivDownloadFlow" time="20.211" classname="com.splunk.pageTests.Download_ExistingUserTest"/>
</testsuite> <!-- com.splunk.pageTests.Download_ExistingUserTest -->
